<?xml version="1.0" encoding="UTF-8"?>
<!-- Generated by org.testng.reporters.JUnitReportReporter -->
<testsuite hostname="DESKTOP-5ATSGKH" failures="0" tests="1" name="tests.LoginTest" time="4.243" errors="0" timestamp="2025-03-10T21:34:28 IST" skipped="0">
  <testcase classname="tests.LoginTest" name="testValidLogin" time="4.243"/>
</testsuite> <!-- tests.LoginTest -->
