<?xml version="1.0" encoding="UTF-8"?>
<!-- Generated by org.testng.reporters.JUnitReportReporter -->
<testsuite hostname="DESKTOP-5ATSGKH" failures="0" tests="1" name="tests.LoginTest" time="7.405" errors="0" timestamp="2025-03-13T00:19:17 IST" skipped="0">
  <testcase classname="tests.LoginTest" name="testValidLogin" time="7.405"/>
</testsuite> <!-- tests.LoginTest -->
